{"/Users/juan/Documents/Coding Projects/SelfPaper/backend/src/controllers/PublicationController.ts": {"path":"/Users/juan/Documents/Coding Projects/SelfPaper/backend/src/controllers/PublicationController.ts","statementMap":{"0":{"start":{"line":2,"column":0},"end":{"line":2,"column":48}},"1":{"start":{"line":3,"column":0},"end":{"line":3,"column":73}},"2":{"start":{"line":4,"column":0},"end":{"line":4,"column":73}},"3":{"start":{"line":6,"column":30},"end":{"line":18,"column":2}},"4":{"start":{"line":9,"column":23},"end":{"line":18,"column":2}},"5":{"start":{"line":10,"column":4},"end":{"line":17,"column":5}},"6":{"start":{"line":11,"column":28},"end":{"line":11,"column":54}},"7":{"start":{"line":12,"column":8},"end":{"line":12,"column":76}},"8":{"start":{"line":12,"column":26},"end":{"line":12,"column":76}},"9":{"start":{"line":14,"column":8},"end":{"line":14,"column":76}},"10":{"start":{"line":16,"column":8},"end":{"line":16,"column":74}},"11":{"start":{"line":6,"column":13},"end":{"line":6,"column":30}},"12":{"start":{"line":20,"column":34},"end":{"line":41,"column":2}},"13":{"start":{"line":23,"column":23},"end":{"line":41,"column":2}},"14":{"start":{"line":24,"column":4},"end":{"line":40,"column":5}},"15":{"start":{"line":25,"column":23},"end":{"line":25,"column":33}},"16":{"start":{"line":26,"column":32},"end":{"line":26,"column":62}},"17":{"start":{"line":28,"column":8},"end":{"line":29,"column":78}},"18":{"start":{"line":29,"column":12},"end":{"line":29,"column":78}},"19":{"start":{"line":30,"column":8},"end":{"line":31,"column":63}},"20":{"start":{"line":31,"column":12},"end":{"line":31,"column":63}},"21":{"start":{"line":33,"column":8},"end":{"line":33,"column":80}},"22":{"start":{"line":35,"column":8},"end":{"line":39,"column":10}},"23":{"start":{"line":20,"column":13},"end":{"line":20,"column":34}},"24":{"start":{"line":43,"column":33},"end":{"line":71,"column":2}},"25":{"start":{"line":46,"column":23},"end":{"line":71,"column":2}},"26":{"start":{"line":47,"column":4},"end":{"line":70,"column":5}},"27":{"start":{"line":48,"column":31},"end":{"line":48,"column":63}},"28":{"start":{"line":50,"column":8},"end":{"line":54,"column":9}},"29":{"start":{"line":51,"column":12},"end":{"line":53,"column":14}},"30":{"start":{"line":56,"column":31},"end":{"line":56,"column":65}},"31":{"start":{"line":58,"column":8},"end":{"line":59,"column":78}},"32":{"start":{"line":59,"column":12},"end":{"line":59,"column":78}},"33":{"start":{"line":61,"column":8},"end":{"line":63,"column":63}},"34":{"start":{"line":65,"column":8},"end":{"line":69,"column":10}},"35":{"start":{"line":43,"column":13},"end":{"line":43,"column":33}},"36":{"start":{"line":73,"column":33},"end":{"line":105,"column":2}},"37":{"start":{"line":76,"column":23},"end":{"line":105,"column":2}},"38":{"start":{"line":77,"column":4},"end":{"line":104,"column":5}},"39":{"start":{"line":78,"column":23},"end":{"line":78,"column":33}},"40":{"start":{"line":79,"column":8},"end":{"line":82,"column":14}},"41":{"start":{"line":80,"column":12},"end":{"line":82,"column":14}},"42":{"start":{"line":84,"column":31},"end":{"line":84,"column":63}},"43":{"start":{"line":86,"column":8},"end":{"line":90,"column":9}},"44":{"start":{"line":87,"column":12},"end":{"line":89,"column":14}},"45":{"start":{"line":92,"column":35},"end":{"line":94,"column":null}},"46":{"start":{"line":96,"column":8},"end":{"line":97,"column":75}},"47":{"start":{"line":97,"column":12},"end":{"line":97,"column":75}},"48":{"start":{"line":99,"column":8},"end":{"line":101,"column":67}},"49":{"start":{"line":103,"column":8},"end":{"line":103,"column":80}},"50":{"start":{"line":73,"column":13},"end":{"line":73,"column":33}},"51":{"start":{"line":107,"column":33},"end":{"line":129,"column":2}},"52":{"start":{"line":110,"column":23},"end":{"line":129,"column":2}},"53":{"start":{"line":111,"column":4},"end":{"line":128,"column":5}},"54":{"start":{"line":112,"column":23},"end":{"line":112,"column":33}},"55":{"start":{"line":113,"column":8},"end":{"line":113,"column":75}},"56":{"start":{"line":113,"column":17},"end":{"line":113,"column":75}},"57":{"start":{"line":115,"column":35},"end":{"line":115,"column":74}},"58":{"start":{"line":116,"column":8},"end":{"line":117,"column":61}},"59":{"start":{"line":117,"column":12},"end":{"line":117,"column":61}},"60":{"start":{"line":119,"column":8},"end":{"line":121,"column":67}},"61":{"start":{"line":123,"column":8},"end":{"line":127,"column":10}},"62":{"start":{"line":107,"column":13},"end":{"line":107,"column":33}}},"fnMap":{"0":{"name":"(anonymous_8)","decl":{"start":{"line":6,"column":30},"end":{"line":6,"column":null}},"loc":{"start":{"line":9,"column":23},"end":{"line":18,"column":2}}},"1":{"name":"(anonymous_9)","decl":{"start":{"line":9,"column":23},"end":{"line":9,"column":null}},"loc":{"start":{"line":9,"column":23},"end":{"line":18,"column":1}}},"2":{"name":"(anonymous_10)","decl":{"start":{"line":20,"column":34},"end":{"line":20,"column":null}},"loc":{"start":{"line":23,"column":23},"end":{"line":41,"column":2}}},"3":{"name":"(anonymous_11)","decl":{"start":{"line":23,"column":23},"end":{"line":23,"column":null}},"loc":{"start":{"line":23,"column":23},"end":{"line":41,"column":1}}},"4":{"name":"(anonymous_12)","decl":{"start":{"line":43,"column":33},"end":{"line":43,"column":null}},"loc":{"start":{"line":46,"column":23},"end":{"line":71,"column":2}}},"5":{"name":"(anonymous_13)","decl":{"start":{"line":46,"column":23},"end":{"line":46,"column":null}},"loc":{"start":{"line":46,"column":23},"end":{"line":71,"column":1}}},"6":{"name":"(anonymous_14)","decl":{"start":{"line":73,"column":33},"end":{"line":73,"column":null}},"loc":{"start":{"line":76,"column":23},"end":{"line":105,"column":2}}},"7":{"name":"(anonymous_15)","decl":{"start":{"line":76,"column":23},"end":{"line":76,"column":null}},"loc":{"start":{"line":76,"column":23},"end":{"line":105,"column":1}}},"8":{"name":"(anonymous_16)","decl":{"start":{"line":107,"column":33},"end":{"line":107,"column":null}},"loc":{"start":{"line":110,"column":23},"end":{"line":129,"column":2}}},"9":{"name":"(anonymous_17)","decl":{"start":{"line":110,"column":23},"end":{"line":110,"column":null}},"loc":{"start":{"line":110,"column":23},"end":{"line":129,"column":1}}}},"branchMap":{"0":{"loc":{"start":{"line":12,"column":8},"end":{"line":12,"column":76}},"type":"if","locations":[{"start":{"line":12,"column":8},"end":{"line":12,"column":76}}]},"1":{"loc":{"start":{"line":28,"column":8},"end":{"line":29,"column":78}},"type":"if","locations":[{"start":{"line":28,"column":8},"end":{"line":29,"column":78}}]},"2":{"loc":{"start":{"line":30,"column":8},"end":{"line":31,"column":63}},"type":"if","locations":[{"start":{"line":30,"column":8},"end":{"line":31,"column":63}}]},"3":{"loc":{"start":{"line":50,"column":8},"end":{"line":54,"column":9}},"type":"if","locations":[{"start":{"line":50,"column":8},"end":{"line":54,"column":9}}]},"4":{"loc":{"start":{"line":58,"column":8},"end":{"line":59,"column":78}},"type":"if","locations":[{"start":{"line":58,"column":8},"end":{"line":59,"column":78}}]},"5":{"loc":{"start":{"line":79,"column":8},"end":{"line":82,"column":14}},"type":"if","locations":[{"start":{"line":79,"column":8},"end":{"line":82,"column":14}}]},"6":{"loc":{"start":{"line":86,"column":8},"end":{"line":90,"column":9}},"type":"if","locations":[{"start":{"line":86,"column":8},"end":{"line":90,"column":9}}]},"7":{"loc":{"start":{"line":96,"column":8},"end":{"line":97,"column":75}},"type":"if","locations":[{"start":{"line":96,"column":8},"end":{"line":97,"column":75}}]},"8":{"loc":{"start":{"line":113,"column":8},"end":{"line":113,"column":75}},"type":"if","locations":[{"start":{"line":113,"column":8},"end":{"line":113,"column":75}}]},"9":{"loc":{"start":{"line":116,"column":8},"end":{"line":117,"column":61}},"type":"if","locations":[{"start":{"line":116,"column":8},"end":{"line":117,"column":61}}]}},"s":{"0":1,"1":1,"2":1,"3":1,"4":2,"5":2,"6":2,"7":2,"8":1,"9":1,"10":1,"11":1,"12":1,"13":0,"14":0,"15":0,"16":0,"17":0,"18":0,"19":0,"20":0,"21":0,"22":0,"23":1,"24":1,"25":2,"26":2,"27":2,"28":2,"29":1,"30":1,"31":1,"32":0,"33":1,"34":1,"35":1,"36":1,"37":1,"38":1,"39":1,"40":1,"41":0,"42":1,"43":1,"44":0,"45":1,"46":1,"47":0,"48":1,"49":0,"50":1,"51":1,"52":0,"53":0,"54":0,"55":0,"56":0,"57":0,"58":0,"59":0,"60":0,"61":0,"62":1},"f":{"0":2,"1":2,"2":0,"3":0,"4":2,"5":2,"6":1,"7":1,"8":0,"9":0},"b":{"0":[1],"1":[0],"2":[0],"3":[1],"4":[0],"5":[0],"6":[0],"7":[0],"8":[0],"9":[0]}}
,"/Users/juan/Documents/Coding Projects/SelfPaper/backend/src/tests/tests-utils.ts": {"path":"/Users/juan/Documents/Coding Projects/SelfPaper/backend/src/tests/tests-utils.ts","statementMap":{"0":{"start":{"line":6,"column":0},"end":{"line":12,"column":4}},"1":{"start":{"line":6,"column":42},"end":{"line":12,"column":2}},"2":{"start":{"line":19,"column":0},"end":{"line":25,"column":4}},"3":{"start":{"line":19,"column":40},"end":{"line":25,"column":2}},"4":{"start":{"line":32,"column":0},"end":{"line":38,"column":4}},"5":{"start":{"line":32,"column":36},"end":{"line":38,"column":2}},"6":{"start":{"line":45,"column":0},"end":{"line":51,"column":4}},"7":{"start":{"line":45,"column":37},"end":{"line":51,"column":2}},"8":{"start":{"line":1,"column":27},"end":{"line":1,"column":36}},"9":{"start":{"line":54,"column":4},"end":{"line":54,"column":22}},"10":{"start":{"line":2,"column":28},"end":{"line":2,"column":37}},"11":{"start":{"line":55,"column":4},"end":{"line":55,"column":23}},"12":{"start":{"line":3,"column":29},"end":{"line":3,"column":38}},"13":{"start":{"line":56,"column":4},"end":{"line":56,"column":24}},"14":{"start":{"line":4,"column":25},"end":{"line":4,"column":34}},"15":{"start":{"line":57,"column":4},"end":{"line":57,"column":20}},"16":{"start":{"line":5,"column":38},"end":{"line":5,"column":47}},"17":{"start":{"line":58,"column":4},"end":{"line":58,"column":33}},"18":{"start":{"line":14,"column":25},"end":{"line":14,"column":34}},"19":{"start":{"line":59,"column":4},"end":{"line":59,"column":20}},"20":{"start":{"line":15,"column":26},"end":{"line":15,"column":35}},"21":{"start":{"line":60,"column":4},"end":{"line":60,"column":21}},"22":{"start":{"line":16,"column":27},"end":{"line":16,"column":36}},"23":{"start":{"line":61,"column":4},"end":{"line":61,"column":22}},"24":{"start":{"line":17,"column":23},"end":{"line":17,"column":32}},"25":{"start":{"line":62,"column":4},"end":{"line":62,"column":18}},"26":{"start":{"line":18,"column":28},"end":{"line":18,"column":37}},"27":{"start":{"line":63,"column":4},"end":{"line":63,"column":23}},"28":{"start":{"line":27,"column":21},"end":{"line":27,"column":30}},"29":{"start":{"line":64,"column":4},"end":{"line":64,"column":16}},"30":{"start":{"line":28,"column":22},"end":{"line":28,"column":31}},"31":{"start":{"line":65,"column":4},"end":{"line":65,"column":17}},"32":{"start":{"line":29,"column":23},"end":{"line":29,"column":32}},"33":{"start":{"line":66,"column":4},"end":{"line":66,"column":18}},"34":{"start":{"line":30,"column":19},"end":{"line":30,"column":28}},"35":{"start":{"line":67,"column":4},"end":{"line":67,"column":14}},"36":{"start":{"line":31,"column":24},"end":{"line":31,"column":33}},"37":{"start":{"line":68,"column":4},"end":{"line":68,"column":19}},"38":{"start":{"line":40,"column":22},"end":{"line":40,"column":31}},"39":{"start":{"line":69,"column":4},"end":{"line":69,"column":17}},"40":{"start":{"line":41,"column":23},"end":{"line":41,"column":32}},"41":{"start":{"line":70,"column":4},"end":{"line":70,"column":18}},"42":{"start":{"line":42,"column":24},"end":{"line":42,"column":33}},"43":{"start":{"line":71,"column":4},"end":{"line":71,"column":19}},"44":{"start":{"line":43,"column":20},"end":{"line":43,"column":29}},"45":{"start":{"line":72,"column":4},"end":{"line":72,"column":15}},"46":{"start":{"line":44,"column":25},"end":{"line":44,"column":34}},"47":{"start":{"line":73,"column":4},"end":{"line":73,"column":20}}},"fnMap":{"0":{"name":"(anonymous_0)","decl":{"start":{"line":6,"column":35},"end":{"line":6,"column":38}},"loc":{"start":{"line":6,"column":42},"end":{"line":12,"column":2}}},"1":{"name":"(anonymous_1)","decl":{"start":{"line":19,"column":33},"end":{"line":19,"column":36}},"loc":{"start":{"line":19,"column":40},"end":{"line":25,"column":2}}},"2":{"name":"(anonymous_2)","decl":{"start":{"line":32,"column":29},"end":{"line":32,"column":32}},"loc":{"start":{"line":32,"column":36},"end":{"line":38,"column":2}}},"3":{"name":"(anonymous_3)","decl":{"start":{"line":45,"column":30},"end":{"line":45,"column":33}},"loc":{"start":{"line":45,"column":37},"end":{"line":51,"column":2}}}},"branchMap":{},"s":{"0":1,"1":1,"2":1,"3":0,"4":1,"5":0,"6":1,"7":0,"8":1,"9":1,"10":1,"11":1,"12":1,"13":1,"14":1,"15":1,"16":1,"17":1,"18":1,"19":1,"20":1,"21":1,"22":1,"23":1,"24":1,"25":1,"26":1,"27":1,"28":1,"29":1,"30":1,"31":1,"32":1,"33":1,"34":1,"35":1,"36":1,"37":1,"38":1,"39":1,"40":1,"41":1,"42":1,"43":1,"44":1,"45":1,"46":1,"47":1},"f":{"0":1,"1":0,"2":0,"3":0},"b":{}}
,"/Users/juan/Documents/Coding Projects/SelfPaper/backend/src/utils/handleControllerErrors.ts": {"path":"/Users/juan/Documents/Coding Projects/SelfPaper/backend/src/utils/handleControllerErrors.ts","statementMap":{"0":{"start":{"line":3,"column":38},"end":{"line":11,"column":1}},"1":{"start":{"line":8,"column":4},"end":{"line":9,"column":60}},"2":{"start":{"line":9,"column":8},"end":{"line":9,"column":60}},"3":{"start":{"line":10,"column":4},"end":{"line":10,"column":64}},"4":{"start":{"line":3,"column":13},"end":{"line":3,"column":38}}},"fnMap":{"0":{"name":"(anonymous_0)","decl":{"start":{"line":3,"column":38},"end":{"line":3,"column":null}},"loc":{"start":{"line":7,"column":14},"end":{"line":11,"column":1}}}},"branchMap":{"0":{"loc":{"start":{"line":8,"column":4},"end":{"line":9,"column":60}},"type":"if","locations":[{"start":{"line":8,"column":4},"end":{"line":9,"column":60}}]}},"s":{"0":1,"1":2,"2":2,"3":0,"4":1},"f":{"0":2},"b":{"0":[2]}}
}
