TN:
SF:src/controllers/PublicationController.ts
FN:6,(anonymous_8)
FN:9,(anonymous_9)
FN:20,(anonymous_10)
FN:23,(anonymous_11)
FN:43,(anonymous_12)
FN:46,(anonymous_13)
FN:73,(anonymous_14)
FN:76,(anonymous_15)
FN:107,(anonymous_16)
FN:110,(anonymous_17)
FNF:10
FNH:6
FNDA:2,(anonymous_8)
FNDA:2,(anonymous_9)
FNDA:0,(anonymous_10)
FNDA:0,(anonymous_11)
FNDA:2,(anonymous_12)
FNDA:2,(anonymous_13)
FNDA:1,(anonymous_14)
FNDA:1,(anonymous_15)
FNDA:0,(anonymous_16)
FNDA:0,(anonymous_17)
DA:2,1
DA:3,1
DA:4,1
DA:6,1
DA:9,2
DA:10,2
DA:11,2
DA:12,2
DA:14,1
DA:16,1
DA:20,1
DA:23,0
DA:24,0
DA:25,0
DA:26,0
DA:28,0
DA:29,0
DA:30,0
DA:31,0
DA:33,0
DA:35,0
DA:43,1
DA:46,2
DA:47,2
DA:48,2
DA:50,2
DA:51,1
DA:56,1
DA:58,1
DA:59,0
DA:61,1
DA:65,1
DA:73,1
DA:76,1
DA:77,1
DA:78,1
DA:79,1
DA:80,0
DA:84,1
DA:86,1
DA:87,0
DA:92,1
DA:96,1
DA:97,0
DA:99,1
DA:103,0
DA:107,1
DA:110,0
DA:111,0
DA:112,0
DA:113,0
DA:115,0
DA:116,0
DA:117,0
DA:119,0
DA:123,0
LF:56
LH:32
BRDA:12,0,0,1
BRDA:28,1,0,0
BRDA:30,2,0,0
BRDA:50,3,0,1
BRDA:58,4,0,0
BRDA:79,5,0,0
BRDA:86,6,0,0
BRDA:96,7,0,0
BRDA:113,8,0,0
BRDA:116,9,0,0
BRF:10
BRH:2
end_of_record
TN:
SF:src/tests/tests-utils.ts
FN:6,(anonymous_0)
FN:19,(anonymous_1)
FN:32,(anonymous_2)
FN:45,(anonymous_3)
FNF:4
FNH:1
FNDA:1,(anonymous_0)
FNDA:0,(anonymous_1)
FNDA:0,(anonymous_2)
FNDA:0,(anonymous_3)
DA:1,1
DA:2,1
DA:3,1
DA:4,1
DA:5,1
DA:6,1
DA:14,1
DA:15,1
DA:16,1
DA:17,1
DA:18,1
DA:19,1
DA:27,1
DA:28,1
DA:29,1
DA:30,1
DA:31,1
DA:32,1
DA:40,1
DA:41,1
DA:42,1
DA:43,1
DA:44,1
DA:45,1
DA:54,1
DA:55,1
DA:56,1
DA:57,1
DA:58,1
DA:59,1
DA:60,1
DA:61,1
DA:62,1
DA:63,1
DA:64,1
DA:65,1
DA:66,1
DA:67,1
DA:68,1
DA:69,1
DA:70,1
DA:71,1
DA:72,1
DA:73,1
LF:44
LH:44
BRF:0
BRH:0
end_of_record
TN:
SF:src/utils/handleControllerErrors.ts
FN:3,(anonymous_0)
FNF:1
FNH:1
FNDA:2,(anonymous_0)
DA:3,1
DA:8,2
DA:9,2
DA:10,0
LF:4
LH:3
BRDA:8,0,0,2
BRF:1
BRH:1
end_of_record
